GNAT GPL 2016 (20160515-49)
Copyright 1992-2016, Free Software Foundation, Inc.

Compiling: E:\\Lab1ADA\src\data.ads
Source file time stamp: 2016-09-21 18:40:14
Compiled at: 2016-09-21 22:47:34

     1. -----Data package specification----------
     2. generic
     3.    N : in Integer;
     4. package Data is
     5.
     6.    --Declaration of private types
     7.    type Vect is private;
     8.    type Matrix is private;
     9.
    10.    --F1: MC = MIN(A)*(MA*MD)
    11.    procedure F1(A: in Vect; MA, MD: in Matrix; MC : out Matrix);
    12.
    13.    --F2: MK = TRANS(MA)*TRANS(MB*MM)+MX
    14.    procedure F2(MA,MB,MM,MX: in Matrix; MK: out Matrix);
    15.
    16.    --F3:  O = SORT(P)*(MR*MS)
    17.    procedure F3(P: in Vect; MR,MS: in Matrix; O: out Vect);
    18.
    19.    --The procedure for reading vector from console
    20.    procedure ReadVect(A : out Vect);
    21.
    22.    --The procedure for displaying vector in console
    23.    procedure ShowVect(A : in Vect);
    24.
    25.    --The procedure for reading matrix from console
    26.    procedure ReadMatr(MA: out Matrix);
    27.
    28.    --The procedure for displaying matrix in console
    29.    procedure ShowMatr(MA: in Matrix);
    30.
    31.    --Input random vector
    32.    procedure InputRandomVect(A : out Vect);
    33.
    34.    --Input random matrix
    35.    procedure InputRandomMatrix(MA : out Matrix);
    36.
    37.   --Definition of private types
    38.   private
    39.      type Vect is array(1..N) of Integer;
    40.      type Matrix is array(1..N, 1..N) of Integer;
    41.
    42. end Data;
    43.

 43 lines: No errors
